********************************************************************************
                ______                                __                        
               / ____/___ _______________ _____  ____/ /________ _              
              / /   / __ `/ ___/ ___/ __ `/ __ \/ __  / ___/ __ `/              
             / /___/ /_/ (__  |__  ) /_/ / / / / /_/ / /  / /_/ /               
             \____/\__,_/____/____/\__,_/_/ /_/\__,_/_/   \__,_/                
                                                                                
********************************************************************************
**********************************Log File**************************************
********************************************************************************

For any published work that uses Cassandra, cite the following reference:
    Shah JK, Marin‐Rimoldi E, Mullen RG, Keene BP, Khan S,
    Paluch AS, Rai N, Romanielo LL, Rosch TW, Yoo B, Maginn EJ.
    Cassandra: An open source Monte Carlo package for molecular simulation.
    Journal of Computational Chemistry. 2017, 38, 1727–1739.
    http://dx.doi.org/10.1002/jcc.24807

Run info
********************************************************************************
version: Cassandra Version 1.3.0
inputfile: species2_mcf_gen.inp
name of run: species2_mcf_gen
date (mm/dd/yyyy): 07/05/2024
time: 18:25:06
machine: DESKTOP-T7GBTK2
********************************************************************************

Verbose log
********************************************************************************
Normal output to logfile
********************************************************************************

Simulation type
********************************************************************************
MCF_Gen             
********************************************************************************

Copy input file
********************************************************************************
# Run_Name                                                                      
species2_mcf_gen                                                                
                                                                                
# Sim_Type                                                                      
MCF_Gen                                                                         
                                                                                
# Nbr_Species                                                                   
1                                                                               
                                                                                
# VDW_Style                                                                     
mie minimum_image                                                               
                                                                                
# Rcutoff_Low                                                                   
1.0                                                                             
                                                                                
# Mixing_Rule                                                                   
custom                                                                          
1_s1 2_s1 29.583 3.503 9.000 6.000                                              
1_s1 3_s1 29.583 3.503 9.000 6.000                                              
1_s1 4_s1 11.739 3.205 9.000 6.000                                              
1_s1 5_s1 0.547 3.121 9.000 6.000                                               
1_s1 6_s1 28.092 3.338 9.000 6.000                                              
1_s1 7_s1 53.420 3.328 9.000 6.000                                              
1_s1 8_s1 53.420 3.328 9.000 6.000                                              
1_s1 C_s2 27.172 3.503 9.000 6.000                                              
1_s1 H_s2 11.736 3.205 9.000 6.000                                              
2_s1 3_s1 32.206 3.503 9.000 6.000                                              
2_s1 4_s1 12.779 3.205 9.000 6.000                                              
2_s1 5_s1 0.595 3.121 9.000 6.000                                               
2_s1 6_s1 30.582 3.338 9.000 6.000                                              
2_s1 7_s1 58.156 3.328 9.000 6.000                                              
2_s1 8_s1 58.156 3.328 9.000 6.000                                              
2_s1 C_s2 29.581 3.503 9.000 6.000                                              
2_s1 H_s2 12.777 3.205 9.000 6.000                                              
3_s1 4_s1 12.779 3.205 9.000 6.000                                              
3_s1 5_s1 0.595 3.121 9.000 6.000                                               
3_s1 6_s1 30.582 3.338 9.000 6.000                                              
3_s1 7_s1 58.156 3.328 9.000 6.000                                              
3_s1 8_s1 58.156 3.328 9.000 6.000                                              
3_s1 C_s2 29.581 3.503 9.000 6.000                                              
3_s1 H_s2 12.777 3.205 9.000 6.000                                              
4_s1 5_s1 0.798 2.332 9.000 6.000                                               
4_s1 6_s1 15.881 2.921 9.000 6.000                                              
4_s1 7_s1 30.951 2.899 9.000 6.000                                              
4_s1 8_s1 30.951 2.899 9.000 6.000                                              
4_s1 C_s2 11.738 3.205 9.000 6.000                                              
4_s1 H_s2 10.062 2.616 9.000 6.000                                              
5_s1 6_s1 0.850 2.779 9.000 6.000                                               
5_s1 7_s1 1.682 2.752 9.000 6.000                                               
5_s1 8_s1 1.682 2.752 9.000 6.000                                               
5_s1 C_s2 0.547 3.121 9.000 6.000                                               
5_s1 H_s2 0.797 2.332 9.000 6.000                                               
6_s1 7_s1 62.824 3.104 9.000 6.000                                              
6_s1 8_s1 62.824 3.104 9.000 6.000                                              
6_s1 C_s2 28.090 3.338 9.000 6.000                                              
6_s1 H_s2 15.878 2.921 9.000 6.000                                              
7_s1 8_s1 120.773 3.088 9.000 6.000                                             
7_s1 C_s2 53.416 3.328 9.000 6.000                                              
7_s1 H_s2 30.945 2.899 9.000 6.000                                              
8_s1 C_s2 53.416 3.328 9.000 6.000                                              
8_s1 H_s2 30.945 2.899 9.000 6.000                                              
C_s2 H_s2 11.735 3.205 9.000 6.000                                              
                                                                                
                                                                                
# Charge_Style                                                                  
coul minimum_image                                                              
                                                                                
# Molecule_Files                                                                
../../CH4PCFF.mcf 50                                                            
                                                                                
# Box_Info                                                                      
1                                                                               
CUBIC                                                                           
30.0 30.0 30.0                                                                  
                                                                                
END                                                                             
********************************************************************************

Number of species
********************************************************************************
1
********************************************************************************

Box info
********************************************************************************
Number of simulation boxes     1
Box 1 is CUBIC               
 Each Side Of :       30.0000     Angstrom
 Cell basis vector lengths in A,     30.0000      30.0000      30.0000
 Cosine of angles alpha, beta, gamma     0.0000       0.0000       0.0000
 Distance between box faces    30.0000      30.0000      30.0000
 Box volume, A^3         27000.0000
********************************************************************************

Pair style
********************************************************************************
VDW style used is:   MIE            in box:  1
 VDW sum style is:  minimum_image  in box:  1
 Minimum image convention used for VDW
Charge style in box 1 is coul
 Charge sum style is   minimum_image  in box:  1
 Minimum image convention used for charge
Section "# Pair_Energy" is missing from the input file
 By default, pair interaction energy arrays will not be stored
Custom mixing rule specified
********************************************************************************

Molecule info
********************************************************************************
 Reading molecular connectivity information
 Species:            1
 Molecular connectivity file: ../../CH4PCFF.mcf                                                                                                       
   5 atom(s) specified.
   4 bond(s) specified.
   6 angle(s) specified.
   0 dihedral(s) specified.
   0 improper(s) specified.
   1 fragment(s) specified.
   0 fragment bond(s) specified.

 Species  Max molecules
 -------  -------------
      1             50

 Species     1
 -------------------------------------------------------------------------------
 Atom parameters read
 Bond parameters read
 Angle parameters read
 Dihedral parameters read
 Improper parameters read
 Intra molecule scaling factors for species            1
  VDW 1-2 scaling factor       0.000
  VDW 1-3 scaling factor       0.000
  VDW 1-4 scaling factor       0.000
  VDW 1-N scaling factor       1.000
  Coulomb 1-2 scaling factor   0.000
  Coulomb 1-3 scaling factor   0.000
  Coulomb 1-4 scaling factor   0.000
  Coulomb 1-N scaling factor   1.000
 Total number of atoms in fragment     1  is   5
 Fragment info read
 -------------------------------------------------------------------------------
********************************************************************************

 Finished generating fragments
 Exiting
