********************************************************************************
                ______                                __                        
               / ____/___ _______________ _____  ____/ /________ _              
              / /   / __ `/ ___/ ___/ __ `/ __ \/ __  / ___/ __ `/              
             / /___/ /_/ (__  |__  ) /_/ / / / / /_/ / /  / /_/ /               
             \____/\__,_/____/____/\__,_/_/ /_/\__,_/_/   \__,_/                
                                                                                
********************************************************************************
**********************************Log File**************************************
********************************************************************************

For any published work that uses Cassandra, cite the following reference:
    Shah JK, Marin‐Rimoldi E, Mullen RG, Keene BP, Khan S,
    Paluch AS, Rai N, Romanielo LL, Rosch TW, Yoo B, Maginn EJ.
    Cassandra: An open source Monte Carlo package for molecular simulation.
    Journal of Computational Chemistry. 2017, 38, 1727–1739.
    http://dx.doi.org/10.1002/jcc.24807

Run info
********************************************************************************
version: Cassandra Version 1.3.0
inputfile: frag1.inp
name of run: frag1
date (mm/dd/yyyy): 07/05/2024
time: 18:25:06
machine: DESKTOP-T7GBTK2
********************************************************************************

Verbose log
********************************************************************************
Normal output to logfile
********************************************************************************

Simulation type
********************************************************************************
NVT_MC_Fragment     
********************************************************************************

Copy input file
********************************************************************************
# Run_Name                                                                      
frag1                                                                           
                                                                                
# Sim_Type                                                                      
NVT_MC_Fragment                                                                 
                                                                                
# Nbr_Species                                                                   
1                                                                               
                                                                                
# VDW_Style                                                                     
mie minimum_image                                                               
                                                                                
# Rcutoff_Low                                                                   
0.0                                                                             
                                                                                
# Mixing_Rule                                                                   
custom                                                                          
1_s1 2_s1 29.583 3.503 9.000 6.000                                              
1_s1 3_s1 29.583 3.503 9.000 6.000                                              
1_s1 4_s1 11.739 3.205 9.000 6.000                                              
1_s1 5_s1 0.547 3.121 9.000 6.000                                               
1_s1 6_s1 28.092 3.338 9.000 6.000                                              
1_s1 7_s1 53.420 3.328 9.000 6.000                                              
1_s1 8_s1 53.420 3.328 9.000 6.000                                              
1_s1 C_s2 27.172 3.503 9.000 6.000                                              
1_s1 H_s2 11.736 3.205 9.000 6.000                                              
2_s1 3_s1 32.206 3.503 9.000 6.000                                              
2_s1 4_s1 12.779 3.205 9.000 6.000                                              
2_s1 5_s1 0.595 3.121 9.000 6.000                                               
2_s1 6_s1 30.582 3.338 9.000 6.000                                              
2_s1 7_s1 58.156 3.328 9.000 6.000                                              
2_s1 8_s1 58.156 3.328 9.000 6.000                                              
2_s1 C_s2 29.581 3.503 9.000 6.000                                              
2_s1 H_s2 12.777 3.205 9.000 6.000                                              
3_s1 4_s1 12.779 3.205 9.000 6.000                                              
3_s1 5_s1 0.595 3.121 9.000 6.000                                               
3_s1 6_s1 30.582 3.338 9.000 6.000                                              
3_s1 7_s1 58.156 3.328 9.000 6.000                                              
3_s1 8_s1 58.156 3.328 9.000 6.000                                              
3_s1 C_s2 29.581 3.503 9.000 6.000                                              
3_s1 H_s2 12.777 3.205 9.000 6.000                                              
4_s1 5_s1 0.798 2.332 9.000 6.000                                               
4_s1 6_s1 15.881 2.921 9.000 6.000                                              
4_s1 7_s1 30.951 2.899 9.000 6.000                                              
4_s1 8_s1 30.951 2.899 9.000 6.000                                              
4_s1 C_s2 11.738 3.205 9.000 6.000                                              
4_s1 H_s2 10.062 2.616 9.000 6.000                                              
5_s1 6_s1 0.850 2.779 9.000 6.000                                               
5_s1 7_s1 1.682 2.752 9.000 6.000                                               
5_s1 8_s1 1.682 2.752 9.000 6.000                                               
5_s1 C_s2 0.547 3.121 9.000 6.000                                               
5_s1 H_s2 0.797 2.332 9.000 6.000                                               
6_s1 7_s1 62.824 3.104 9.000 6.000                                              
6_s1 8_s1 62.824 3.104 9.000 6.000                                              
6_s1 C_s2 28.090 3.338 9.000 6.000                                              
6_s1 H_s2 15.878 2.921 9.000 6.000                                              
7_s1 8_s1 120.773 3.088 9.000 6.000                                             
7_s1 C_s2 53.416 3.328 9.000 6.000                                              
7_s1 H_s2 30.945 2.899 9.000 6.000                                              
8_s1 C_s2 53.416 3.328 9.000 6.000                                              
8_s1 H_s2 30.945 2.899 9.000 6.000                                              
C_s2 H_s2 11.735 3.205 9.000 6.000                                              
                                                                                
                                                                                
# Charge_Style                                                                  
coul minimum_image                                                              
                                                                                
# Molecule_Files                                                                
../fragments/frag_1_1.mcf 1                                                     
                                                                                
# Box_Info                                                                      
1                                                                               
CUBIC                                                                           
50.0 50.0 50.0                                                                  
                                                                                
# Temperature_Info                                                              
308.15                                                                          
                                                                                
# Seed_Info                                                                     
706111630 70611631                                                              
                                                                                
# Move_Probability_Info                                                         
# Prob_Translation                                                              
1.0                                                                             
0.2 10.0                                                                        
1.0                                                                             
# Done_Probability_Info                                                         
                                                                                
# Start_Type                                                                    
read_config 1 ../fragments/frag_1_1.xyz 1                                       
                                                                                
# Run_Type                                                                      
Production 1000 10                                                              
                                                                                
# Simulation_Length_Info                                                        
Units  Steps                                                                    
prop_freq  10                                                                   
coord_freq   90                                                                 
run          1100000                                                            
nequilsteps  100000                                                             
                                                                                
# File_Info                                                                     
frag1.dat                                                                       
                                                                                
END                                                                             
********************************************************************************

Number of species
********************************************************************************
1
********************************************************************************

Box info
********************************************************************************
Number of simulation boxes     1
Box 1 is CUBIC               
 Each Side Of :       50.0000     Angstrom
 Cell basis vector lengths in A,     50.0000      50.0000      50.0000
 Cosine of angles alpha, beta, gamma     0.0000       0.0000       0.0000
 Distance between box faces    50.0000      50.0000      50.0000
 Box volume, A^3        125000.0000
********************************************************************************

Pair style
********************************************************************************
VDW style used is:   MIE            in box:  1
 VDW sum style is:  minimum_image  in box:  1
 Minimum image convention used for VDW
Charge style in box 1 is coul
 Charge sum style is   minimum_image  in box:  1
 Minimum image convention used for charge
Section "# Pair_Energy" is missing from the input file
 By default, pair interaction energy arrays will not be stored
Custom mixing rule specified
********************************************************************************

Molecule info
********************************************************************************
 Reading molecular connectivity information
 Species:            1
 Molecular connectivity file: ../fragments/frag_1_1.mcf                                                                                               
   5 atom(s) specified.
   4 bond(s) specified.
   6 angle(s) specified.
   0 dihedral(s) specified.
   0 improper(s) specified.

 Species  Max molecules
 -------  -------------
      1              1

 Species     1
 -------------------------------------------------------------------------------
 Atom parameters read
 Bond parameters read
 Angle parameters read
 Dihedral parameters read
 Improper parameters read
 Intra molecule scaling factors for species            1
  VDW 1-2 scaling factor       0.000
  VDW 1-3 scaling factor       0.000
  VDW 1-4 scaling factor       0.000
  VDW 1-N scaling factor       1.000
  Coulomb 1-2 scaling factor   0.000
  Coulomb 1-3 scaling factor   0.000
  Coulomb 1-4 scaling factor   0.000
  Coulomb 1-N scaling factor   1.000
 -------------------------------------------------------------------------------
********************************************************************************
Atom type 1_s1 on line 18 of input file not found. Skipping parameters.
Atom type 1_s1 on line 19 of input file not found. Skipping parameters.
Atom type 1_s1 on line 20 of input file not found. Skipping parameters.
Atom type 1_s1 on line 21 of input file not found. Skipping parameters.
Atom type 1_s1 on line 22 of input file not found. Skipping parameters.
Atom type 1_s1 on line 23 of input file not found. Skipping parameters.
Atom type 1_s1 on line 24 of input file not found. Skipping parameters.
Atom type 1_s1 on line 25 of input file not found. Skipping parameters.
Atom type 1_s1 on line 26 of input file not found. Skipping parameters.
Atom type 2_s1 on line 27 of input file not found. Skipping parameters.
Atom type 2_s1 on line 28 of input file not found. Skipping parameters.
Atom type 2_s1 on line 29 of input file not found. Skipping parameters.
Atom type 2_s1 on line 30 of input file not found. Skipping parameters.
Atom type 2_s1 on line 31 of input file not found. Skipping parameters.
Atom type 2_s1 on line 32 of input file not found. Skipping parameters.
Atom type 2_s1 on line 33 of input file not found. Skipping parameters.
Atom type 2_s1 on line 34 of input file not found. Skipping parameters.
Atom type 3_s1 on line 35 of input file not found. Skipping parameters.
Atom type 3_s1 on line 36 of input file not found. Skipping parameters.
Atom type 3_s1 on line 37 of input file not found. Skipping parameters.
Atom type 3_s1 on line 38 of input file not found. Skipping parameters.
Atom type 3_s1 on line 39 of input file not found. Skipping parameters.
Atom type 3_s1 on line 40 of input file not found. Skipping parameters.
Atom type 3_s1 on line 41 of input file not found. Skipping parameters.
Atom type 4_s1 on line 42 of input file not found. Skipping parameters.
Atom type 4_s1 on line 43 of input file not found. Skipping parameters.
Atom type 4_s1 on line 44 of input file not found. Skipping parameters.
Atom type 4_s1 on line 45 of input file not found. Skipping parameters.
Atom type 4_s1 on line 46 of input file not found. Skipping parameters.
Atom type 4_s1 on line 47 of input file not found. Skipping parameters.
Atom type 5_s1 on line 48 of input file not found. Skipping parameters.
Atom type 5_s1 on line 49 of input file not found. Skipping parameters.
Atom type 5_s1 on line 50 of input file not found. Skipping parameters.
Atom type 5_s1 on line 51 of input file not found. Skipping parameters.
Atom type 5_s1 on line 52 of input file not found. Skipping parameters.
Atom type 6_s1 on line 53 of input file not found. Skipping parameters.
Atom type 6_s1 on line 54 of input file not found. Skipping parameters.
Atom type 6_s1 on line 55 of input file not found. Skipping parameters.
Atom type 6_s1 on line 56 of input file not found. Skipping parameters.
Atom type 7_s1 on line 57 of input file not found. Skipping parameters.
Atom type 7_s1 on line 58 of input file not found. Skipping parameters.
Atom type 7_s1 on line 59 of input file not found. Skipping parameters.
Atom type 8_s1 on line 60 of input file not found. Skipping parameters.
Atom type 8_s1 on line 61 of input file not found. Skipping parameters.

Start type
********************************************************************************
Initial configuration for box 1 will be read from file
 Will read       1  molecules of species   1
 Will read configuration from file ../fragments/frag_1_1.xyz
********************************************************************************

Seed info
********************************************************************************
The starting seeds are:           706111630            70611631
********************************************************************************

Temperature
********************************************************************************
Temperature of box 1 is 308.150 K
********************************************************************************

Move probabilities
********************************************************************************
Probability for translation                1.000000
 Maximum width in cosine of polar angle is  0.20000000000000001     
 Maximum width (degrees) in azimuthal angle is   10.000000000000000     
Number of moves is :   1
********************************************************************************

Simulation length info
********************************************************************************
Thermodynamic quantities will be computed every                   10 Steps     
Coordinates will be written to file every                         90 Steps     
 movie header file is                  frag1.H
 movie_XYZ file is                     frag1.xyz
The simulation will be run for                             1100000 Steps     
Number of equilibrium steps             100000
Instantaneous values will be written every                        10 Steps     
********************************************************************************

File info
********************************************************************************
     Configuration file for species    1   is
                          frag1.dat
********************************************************************************

Run type
********************************************************************************
 The input run type is Production
 Update frequency is         1000
********************************************************************************

********************************************************************************
************************ Begin Cassandra simulation ****************************
********************************************************************************

Initial configuration
********************************************************************************
 Reading configuration for box           1
 Reading            1  molecules of species            1
 Configurations read successfully
********************************************************************************

Charge neutrality check
********************************************************************************
 Species 1 has charge:                 -0.00000000

 Box     1 has charge:                 -0.00000000
********************************************************************************

Compute total energy
********************************************************************************

 Energy components for box 1     kJ/mol-Extensive
 ---------------------------------------------------------------------
 Total system energy                     1004.398
 Intra molecular energy                  1004.398
   Bond energy                              0.000
   Bond angle energy                     1004.398
   Dihedral angle energy                    0.000
   Improper angle energy                    0.000
   Intra molecule vdw                       0.000
   Intra molecule q                         0.000
 Inter molecular energy                     0.000
   Inter molecule vdw                       0.000
   Inter molecule q                         0.000
 ---------------------------------------------------------------------

********************************************************************************

Run simulation
********************************************************************************
                Step       Move   Mol Spc Box  Success  MaxWidth
********************************************************************************

Energy of final configuration
********************************************************************************

 Energy components for box 1     kJ/mol-Extensive       Relative_Error
 ---------------------------------------------------------------------
 Total system energy                        2.540            0.304E-13
 Intra molecular energy                     2.540            0.304E-13
   Bond energy                              0.000            0.000E+00
   Bond angle energy                        2.540            0.211E-12
   Dihedral angle energy                    0.000            0.000E+00
   Improper angle energy                    0.000            0.000E+00
   Intra molecule vdw                       0.000            0.000E+00
   Intra molecule q                         0.000            0.000E+00
 Inter molecular energy                     0.000            0.000E+00
   Inter molecule vdw                       0.000            0.000E+00
   Inter molecule q                         0.000            0.000E+00
 ---------------------------------------------------------------------

********************************************************************************


Writing information for box  1
********************************************************************************

   ---------------------------------------------------------
   Writing information for species  1

                Move      Trials     Success   % Success
   Atom Displacement     1100000      344437       31.31
   ---------------------------------------------------------

********************************************************************************

 Writing information about subroutine times
********************************************************************************
********************************************************************************

********************************************************************************
************************ Cassandra simulation complete *************************
********************************************************************************

 Program execution time
********************************************************************************
         0      Years
         0     Months
         0       Days
         0      Hours
         0    Minutes
        23    Seconds
       123         ms
********************************************************************************
